<?xml version="1.0" encoding="UTF-8"?>
<coverage generated="1743721450749" clover="3.2.0">
  <project timestamp="1743721450749" name="All files">
    <metrics statements="10" coveredstatements="10" conditionals="6" coveredconditionals="6" methods="1" coveredmethods="1" elements="17" coveredelements="17" complexity="0" loc="10" ncloc="10" packages="1" files="1" classes="1"/>
    <file name="convert.js" path="C:\Users\ndcal\Desktop\Adobe Test\genstudio-app\backend\convert.js">
      <metrics statements="10" coveredstatements="10" conditionals="6" coveredconditionals="6" methods="1" coveredmethods="1"/>
      <line num="2" count="10" type="stmt"/>
      <line num="3" count="10" type="cond" truecount="6" falsecount="0"/>
      <line num="4" count="4" type="stmt"/>
      <line num="6" count="6" type="stmt"/>
      <line num="9" count="6" type="stmt"/>
      <line num="10" count="78" type="stmt"/>
      <line num="11" count="12" type="stmt"/>
      <line num="12" count="12" type="stmt"/>
      <line num="15" count="6" type="stmt"/>
      <line num="18" count="2" type="stmt"/>
    </file>
  </project>
</coverage>
