{"C:\\Users\\ndcal\\Desktop\\Adobe Test\\genstudio-app\\backend\\convert.js": {"path":"C:\\Users\\ndcal\\Desktop\\Adobe Test\\genstudio-app\\backend\\convert.js","statementMap":{"0":{"start":{"line":2,"column":17},"end":{"line":2,"column":19}},"1":{"start":{"line":3,"column":4},"end":{"line":5,"column":5}},"2":{"start":{"line":4,"column":8},"end":{"line":4,"column":48}},"3":{"start":{"line":6,"column":19},"end":{"line":8,"column":5}},"4":{"start":{"line":9,"column":4},"end":{"line":14,"column":5}},"5":{"start":{"line":10,"column":8},"end":{"line":13,"column":9}},"6":{"start":{"line":11,"column":12},"end":{"line":11,"column":26}},"7":{"start":{"line":12,"column":12},"end":{"line":12,"column":33}},"8":{"start":{"line":15,"column":4},"end":{"line":15,"column":18}},"9":{"start":{"line":18,"column":0},"end":{"line":18,"column":38}}},"fnMap":{"0":{"name":"convertNumberToRoman","decl":{"start":{"line":1,"column":9},"end":{"line":1,"column":29}},"loc":{"start":{"line":1,"column":34},"end":{"line":16,"column":1}},"line":1}},"branchMap":{"0":{"loc":{"start":{"line":3,"column":4},"end":{"line":5,"column":5}},"type":"if","locations":[{"start":{"line":3,"column":4},"end":{"line":5,"column":5}},{"start":{},"end":{}}],"line":3},"1":{"loc":{"start":{"line":3,"column":7},"end":{"line":3,"column":50}},"type":"binary-expr","locations":[{"start":{"line":3,"column":7},"end":{"line":3,"column":11}},{"start":{"line":3,"column":15},"end":{"line":3,"column":25}},{"start":{"line":3,"column":29},"end":{"line":3,"column":36}},{"start":{"line":3,"column":40},"end":{"line":3,"column":50}}],"line":3}},"s":{"0":10,"1":10,"2":4,"3":6,"4":6,"5":78,"6":12,"7":12,"8":6,"9":2},"f":{"0":10},"b":{"0":[4,6],"1":[10,9,8,7]},"_coverageSchema":"1a1c01bbd47fc00a2c39e90264f33305004495a9","hash":"0e4d48532938b3afc6395e2ac35a581a610d2f74"}
}
