{"C:\\Users\\ndcal\\Desktop\\Adobe Test\\genstudio-app\\backend\\convert.js": {"path":"C:\\Users\\ndcal\\Desktop\\Adobe Test\\genstudio-app\\backend\\convert.js","statementMap":{"0":{"start":{"line":2,"column":17},"end":{"line":2,"column":19}},"1":{"start":{"line":3,"column":4},"end":{"line":5,"column":5}},"2":{"start":{"line":4,"column":8},"end":{"line":4,"column":48}},"3":{"start":{"line":6,"column":21},"end":{"line":8,"column":5}},"4":{"start":{"line":9,"column":4},"end":{"line":14,"column":5}},"5":{"start":{"line":10,"column":8},"end":{"line":13,"column":9}},"6":{"start":{"line":11,"column":12},"end":{"line":11,"column":26}},"7":{"start":{"line":12,"column":12},"end":{"line":12,"column":33}},"8":{"start":{"line":15,"column":4},"end":{"line":15,"column":18}},"9":{"start":{"line":18,"column":0},"end":{"line":18,"column":38}}},"fnMap":{"0":{"name":"convertNumberToRoman","decl":{"start":{"line":1,"column":9},"end":{"line":1,"column":29}},"loc":{"start":{"line":1,"column":34},"end":{"line":16,"column":1}},"line":1}},"branchMap":{"0":{"loc":{"start":{"line":3,"column":4},"end":{"line":5,"column":5}},"type":"if","locations":[{"start":{"line":3,"column":4},"end":{"line":5,"column":5}},{"start":{},"end":{}}],"line":3},"1":{"loc":{"start":{"line":3,"column":7},"end":{"line":3,"column":50}},"type":"binary-expr","locations":[{"start":{"line":3,"column":7},"end":{"line":3,"column":11}},{"start":{"line":3,"column":15},"end":{"line":3,"column":25}},{"start":{"line":3,"column":29},"end":{"line":3,"column":36}},{"start":{"line":3,"column":40},"end":{"line":3,"column":50}}],"line":3}},"s":{"0":18,"1":18,"2":9,"3":9,"4":9,"5":117,"6":35,"7":35,"8":9,"9":3},"f":{"0":18},"b":{"0":[9,9],"1":[18,14,12,10]},"_coverageSchema":"1a1c01bbd47fc00a2c39e90264f33305004495a9","hash":"137c8798aeea6349e0288d6c864adf3a251871ed"}
,"C:\\Users\\ndcal\\Desktop\\Adobe Test\\genstudio-app\\backend\\index.js": {"path":"C:\\Users\\ndcal\\Desktop\\Adobe Test\\genstudio-app\\backend\\index.js","statementMap":{"0":{"start":{"line":3,"column":0},"end":{"line":3,"column":27}},"1":{"start":{"line":4,"column":0},"end":{"line":4,"column":21}},"2":{"start":{"line":5,"column":16},"end":{"line":5,"column":34}},"3":{"start":{"line":6,"column":29},"end":{"line":6,"column":49}},"4":{"start":{"line":7,"column":68},"end":{"line":7,"column":88}},"5":{"start":{"line":8,"column":15},"end":{"line":8,"column":34}},"6":{"start":{"line":9,"column":12},"end":{"line":9,"column":21}},"7":{"start":{"line":10,"column":13},"end":{"line":10,"column":28}},"8":{"start":{"line":11,"column":13},"end":{"line":11,"column":17}},"9":{"start":{"line":12,"column":0},"end":{"line":12,"column":16}},"10":{"start":{"line":14,"column":0},"end":{"line":26,"column":5}},"11":{"start":{"line":15,"column":16},"end":{"line":15,"column":54}},"12":{"start":{"line":16,"column":4},"end":{"line":24,"column":7}},"13":{"start":{"line":17,"column":23},"end":{"line":21,"column":9}},"14":{"start":{"line":22,"column":8},"end":{"line":22,"column":39}},"15":{"start":{"line":23,"column":8},"end":{"line":23,"column":20}},"16":{"start":{"line":25,"column":4},"end":{"line":25,"column":11}},"17":{"start":{"line":27,"column":0},"end":{"line":66,"column":3}},"18":{"start":{"line":28,"column":21},"end":{"line":28,"column":36}},"19":{"start":{"line":29,"column":16},"end":{"line":29,"column":34}},"20":{"start":{"line":31,"column":4},"end":{"line":39,"column":5}},"21":{"start":{"line":32,"column":8},"end":{"line":32,"column":54}},"22":{"start":{"line":34,"column":8},"end":{"line":38,"column":11}},"23":{"start":{"line":42,"column":4},"end":{"line":50,"column":5}},"24":{"start":{"line":43,"column":8},"end":{"line":43,"column":52}},"25":{"start":{"line":45,"column":8},"end":{"line":49,"column":11}},"26":{"start":{"line":52,"column":4},"end":{"line":64,"column":5}},"27":{"start":{"line":53,"column":29},"end":{"line":53,"column":54}},"28":{"start":{"line":54,"column":8},"end":{"line":54,"column":59}},"29":{"start":{"line":55,"column":8},"end":{"line":55,"column":63}},"30":{"start":{"line":57,"column":8},"end":{"line":57,"column":51}},"31":{"start":{"line":59,"column":8},"end":{"line":59,"column":46}},"32":{"start":{"line":60,"column":8},"end":{"line":63,"column":11}},"33":{"start":{"line":68,"column":0},"end":{"line":71,"column":5}},"34":{"start":{"line":69,"column":4},"end":{"line":69,"column":50}},"35":{"start":{"line":70,"column":4},"end":{"line":70,"column":38}},"36":{"start":{"line":73,"column":0},"end":{"line":79,"column":5}},"37":{"start":{"line":74,"column":4},"end":{"line":78,"column":7}},"38":{"start":{"line":81,"column":2},"end":{"line":81,"column":23}},"39":{"start":{"line":83,"column":2},"end":{"line":87,"column":3}},"40":{"start":{"line":84,"column":4},"end":{"line":86,"column":7}},"41":{"start":{"line":85,"column":8},"end":{"line":85,"column":66}}},"fnMap":{"0":{"name":"(anonymous_0)","decl":{"start":{"line":14,"column":8},"end":{"line":14,"column":9}},"loc":{"start":{"line":14,"column":28},"end":{"line":26,"column":3}},"line":14},"1":{"name":"(anonymous_1)","decl":{"start":{"line":16,"column":21},"end":{"line":16,"column":22}},"loc":{"start":{"line":16,"column":27},"end":{"line":24,"column":5}},"line":16},"2":{"name":"(anonymous_2)","decl":{"start":{"line":27,"column":25},"end":{"line":27,"column":26}},"loc":{"start":{"line":27,"column":39},"end":{"line":66,"column":1}},"line":27},"3":{"name":"(anonymous_3)","decl":{"start":{"line":68,"column":20},"end":{"line":68,"column":21}},"loc":{"start":{"line":68,"column":40},"end":{"line":71,"column":3}},"line":68},"4":{"name":"(anonymous_4)","decl":{"start":{"line":73,"column":19},"end":{"line":73,"column":20}},"loc":{"start":{"line":73,"column":33},"end":{"line":79,"column":3}},"line":73},"5":{"name":"(anonymous_5)","decl":{"start":{"line":84,"column":21},"end":{"line":84,"column":22}},"loc":{"start":{"line":84,"column":27},"end":{"line":86,"column":5}},"line":84}},"branchMap":{"0":{"loc":{"start":{"line":31,"column":4},"end":{"line":39,"column":5}},"type":"if","locations":[{"start":{"line":31,"column":4},"end":{"line":39,"column":5}},{"start":{},"end":{}}],"line":31},"1":{"loc":{"start":{"line":31,"column":7},"end":{"line":31,"column":30}},"type":"binary-expr","locations":[{"start":{"line":31,"column":7},"end":{"line":31,"column":16}},{"start":{"line":31,"column":20},"end":{"line":31,"column":30}}],"line":31},"2":{"loc":{"start":{"line":42,"column":4},"end":{"line":50,"column":5}},"type":"if","locations":[{"start":{"line":42,"column":4},"end":{"line":50,"column":5}},{"start":{},"end":{}}],"line":42},"3":{"loc":{"start":{"line":42,"column":7},"end":{"line":42,"column":28}},"type":"binary-expr","locations":[{"start":{"line":42,"column":7},"end":{"line":42,"column":14}},{"start":{"line":42,"column":18},"end":{"line":42,"column":28}}],"line":42},"4":{"loc":{"start":{"line":83,"column":2},"end":{"line":87,"column":3}},"type":"if","locations":[{"start":{"line":83,"column":2},"end":{"line":87,"column":3}},{"start":{},"end":{}}],"line":83}},"s":{"0":2,"1":2,"2":2,"3":2,"4":2,"5":2,"6":2,"7":2,"8":2,"9":2,"10":2,"11":8,"12":8,"13":8,"14":8,"15":8,"16":8,"17":2,"18":8,"19":8,"20":8,"21":2,"22":2,"23":6,"24":2,"25":2,"26":4,"27":4,"28":3,"29":3,"30":1,"31":1,"32":1,"33":2,"34":0,"35":0,"36":2,"37":0,"38":2,"39":2,"40":0,"41":0},"f":{"0":8,"1":8,"2":8,"3":0,"4":0,"5":0},"b":{"0":[2,6],"1":[8,7],"2":[2,4],"3":[6,6],"4":[0,2]},"_coverageSchema":"1a1c01bbd47fc00a2c39e90264f33305004495a9","hash":"9b09365405a1b3aeebfdbb32ac667989d9026e90"}
,"C:\\Users\\ndcal\\Desktop\\Adobe Test\\genstudio-app\\backend\\logger.js": {"path":"C:\\Users\\ndcal\\Desktop\\Adobe Test\\genstudio-app\\backend\\logger.js","statementMap":{"0":{"start":{"line":2,"column":16},"end":{"line":2,"column":34}},"1":{"start":{"line":3,"column":13},"end":{"line":3,"column":28}},"2":{"start":{"line":6,"column":15},"end":{"line":19,"column":2}},"3":{"start":{"line":21,"column":0},"end":{"line":21,"column":24}}},"fnMap":{},"branchMap":{},"s":{"0":2,"1":2,"2":2,"3":2},"f":{},"b":{},"_coverageSchema":"1a1c01bbd47fc00a2c39e90264f33305004495a9","hash":"bc1b47483b3452e29b7958004226d456ad42f793"}
,"C:\\Users\\ndcal\\Desktop\\Adobe Test\\genstudio-app\\backend\\metrics.js": {"path":"C:\\Users\\ndcal\\Desktop\\Adobe Test\\genstudio-app\\backend\\metrics.js","statementMap":{"0":{"start":{"line":2,"column":15},"end":{"line":2,"column":37}},"1":{"start":{"line":3,"column":17},"end":{"line":3,"column":38}},"2":{"start":{"line":6,"column":0},"end":{"line":6,"column":43}},"3":{"start":{"line":9,"column":27},"end":{"line":13,"column":2}},"4":{"start":{"line":16,"column":34},"end":{"line":21,"column":4}},"5":{"start":{"line":25,"column":0},"end":{"line":25,"column":44}},"6":{"start":{"line":26,"column":0},"end":{"line":26,"column":51}},"7":{"start":{"line":28,"column":0},"end":{"line":32,"column":2}}},"fnMap":{},"branchMap":{},"s":{"0":2,"1":2,"2":2,"3":2,"4":2,"5":2,"6":2,"7":2},"f":{},"b":{},"_coverageSchema":"1a1c01bbd47fc00a2c39e90264f33305004495a9","hash":"c0ced4b860788dcc5100b181adce063b98343539"}
,"C:\\Users\\ndcal\\Desktop\\Adobe Test\\genstudio-app\\backend\\tracing.js": {"path":"C:\\Users\\ndcal\\Desktop\\Adobe Test\\genstudio-app\\backend\\tracing.js","statementMap":{"0":{"start":{"line":4,"column":20},"end":{"line":4,"column":54}},"1":{"start":{"line":5,"column":40},"end":{"line":5,"column":92}},"2":{"start":{"line":6,"column":30},"end":{"line":6,"column":80}},"3":{"start":{"line":8,"column":12},"end":{"line":13,"column":2}},"4":{"start":{"line":15,"column":0},"end":{"line":22,"column":7}},"5":{"start":{"line":16,"column":4},"end":{"line":21,"column":5}},"6":{"start":{"line":17,"column":6},"end":{"line":17,"column":24}},"7":{"start":{"line":18,"column":6},"end":{"line":18,"column":43}},"8":{"start":{"line":20,"column":6},"end":{"line":20,"column":67}}},"fnMap":{"0":{"name":"(anonymous_0)","decl":{"start":{"line":15,"column":1},"end":{"line":15,"column":2}},"loc":{"start":{"line":15,"column":13},"end":{"line":22,"column":3}},"line":15}},"branchMap":{},"s":{"0":2,"1":2,"2":2,"3":2,"4":2,"5":2,"6":2,"7":2,"8":0},"f":{"0":2},"b":{},"_coverageSchema":"1a1c01bbd47fc00a2c39e90264f33305004495a9","hash":"8fd144334866ba1e79e94b833ee18f465e8eb16f"}
}
