TN:
SF:convert.js
FN:1,convertNumberToRoman
FNF:1
FNH:1
FNDA:18,convertNumberToRoman
DA:2,18
DA:3,18
DA:4,9
DA:6,9
DA:9,9
DA:10,117
DA:11,35
DA:12,35
DA:15,9
DA:18,3
LF:10
LH:10
BRDA:3,0,0,9
BRDA:3,0,1,9
BRDA:3,1,0,18
BRDA:3,1,1,14
BRDA:3,1,2,12
BRDA:3,1,3,10
BRF:6
BRH:6
end_of_record
TN:
SF:index.js
FN:14,(anonymous_0)
FN:16,(anonymous_1)
FN:27,(anonymous_2)
FN:68,(anonymous_3)
FN:73,(anonymous_4)
FN:84,(anonymous_5)
FNF:6
FNH:3
FNDA:8,(anonymous_0)
FNDA:8,(anonymous_1)
FNDA:8,(anonymous_2)
FNDA:0,(anonymous_3)
FNDA:0,(anonymous_4)
FNDA:0,(anonymous_5)
DA:3,2
DA:4,2
DA:5,2
DA:6,2
DA:7,2
DA:8,2
DA:9,2
DA:10,2
DA:11,2
DA:12,2
DA:14,2
DA:15,8
DA:16,8
DA:17,8
DA:22,8
DA:23,8
DA:25,8
DA:27,2
DA:28,8
DA:29,8
DA:31,8
DA:32,2
DA:34,2
DA:42,6
DA:43,2
DA:45,2
DA:52,4
DA:53,4
DA:54,3
DA:55,3
DA:57,1
DA:59,1
DA:60,1
DA:68,2
DA:69,0
DA:70,0
DA:73,2
DA:74,0
DA:81,2
DA:83,2
DA:84,0
DA:85,0
LF:42
LH:37
BRDA:31,0,0,2
BRDA:31,0,1,6
BRDA:31,1,0,8
BRDA:31,1,1,7
BRDA:42,2,0,2
BRDA:42,2,1,4
BRDA:42,3,0,6
BRDA:42,3,1,6
BRDA:83,4,0,0
BRDA:83,4,1,2
BRF:10
BRH:9
end_of_record
TN:
SF:logger.js
FNF:0
FNH:0
DA:2,2
DA:3,2
DA:6,2
DA:21,2
LF:4
LH:4
BRF:0
BRH:0
end_of_record
TN:
SF:metrics.js
FNF:0
FNH:0
DA:2,2
DA:3,2
DA:6,2
DA:9,2
DA:16,2
DA:25,2
DA:26,2
DA:28,2
LF:8
LH:8
BRF:0
BRH:0
end_of_record
TN:
SF:tracing.js
FN:15,(anonymous_0)
FNF:1
FNH:1
FNDA:2,(anonymous_0)
DA:4,2
DA:5,2
DA:6,2
DA:8,2
DA:15,2
DA:16,2
DA:17,2
DA:18,2
DA:20,0
LF:9
LH:8
BRF:0
BRH:0
end_of_record
